<?xml version="1.0" encoding="UTF-8"?>
<testsuites>
  <testsuite name="" tests="11" assertions="11" errors="0" warnings="0" failures="0" skipped="0" time="0.594361">
    <testsuite name="Application Test Suite" tests="11" assertions="11" errors="0" warnings="0" failures="0" skipped="0" time="0.594361">
      <testsuite name="Digilopment\Cpa\Tests\ContentValidatorTest" file="/var/lib/www/startitup-cloud/apps/Web/www/plugins/content-paste-analyzer/tests/ContentValidatorTest.php" tests="5" assertions="5" errors="0" warnings="0" failures="0" skipped="0" time="0.001416">
        <testsuite name="Digilopment\Cpa\Tests\ContentValidatorTest::testHtmlFile" tests="5" assertions="5" errors="0" warnings="0" failures="0" skipped="0" time="0.001416">
          <testcase name="testHtmlFile with data set #0" class="Digilopment\Cpa\Tests\ContentValidatorTest" classname="Digilopment.Cpa.Tests.ContentValidatorTest" file="/var/lib/www/startitup-cloud/apps/Web/www/plugins/content-paste-analyzer/tests/ContentValidatorTest.php" line="16" assertions="1" time="0.001238"/>
          <testcase name="testHtmlFile with data set #1" class="Digilopment\Cpa\Tests\ContentValidatorTest" classname="Digilopment.Cpa.Tests.ContentValidatorTest" file="/var/lib/www/startitup-cloud/apps/Web/www/plugins/content-paste-analyzer/tests/ContentValidatorTest.php" line="16" assertions="1" time="0.000035"/>
          <testcase name="testHtmlFile with data set #2" class="Digilopment\Cpa\Tests\ContentValidatorTest" classname="Digilopment.Cpa.Tests.ContentValidatorTest" file="/var/lib/www/startitup-cloud/apps/Web/www/plugins/content-paste-analyzer/tests/ContentValidatorTest.php" line="16" assertions="1" time="0.000030"/>
          <testcase name="testHtmlFile with data set #3" class="Digilopment\Cpa\Tests\ContentValidatorTest" classname="Digilopment.Cpa.Tests.ContentValidatorTest" file="/var/lib/www/startitup-cloud/apps/Web/www/plugins/content-paste-analyzer/tests/ContentValidatorTest.php" line="16" assertions="1" time="0.000088"/>
          <testcase name="testHtmlFile with data set #4" class="Digilopment\Cpa\Tests\ContentValidatorTest" classname="Digilopment.Cpa.Tests.ContentValidatorTest" file="/var/lib/www/startitup-cloud/apps/Web/www/plugins/content-paste-analyzer/tests/ContentValidatorTest.php" line="16" assertions="1" time="0.000026"/>
        </testsuite>
      </testsuite>
      <testsuite name="Digilopment\Cpa\Tests\PhpCompatibilityTest" file="/var/lib/www/startitup-cloud/apps/Web/www/plugins/content-paste-analyzer/tests/PhpCompatibilityTest.php" tests="6" assertions="6" errors="0" warnings="0" failures="0" skipped="0" time="0.592945">
        <testcase name="testPhpCompatibility74" class="Digilopment\Cpa\Tests\PhpCompatibilityTest" classname="Digilopment.Cpa.Tests.PhpCompatibilityTest" file="/var/lib/www/startitup-cloud/apps/Web/www/plugins/content-paste-analyzer/tests/PhpCompatibilityTest.php" line="21" assertions="1" time="0.099007"/>
        <testcase name="testPhpCompatibility80" class="Digilopment\Cpa\Tests\PhpCompatibilityTest" classname="Digilopment.Cpa.Tests.PhpCompatibilityTest" file="/var/lib/www/startitup-cloud/apps/Web/www/plugins/content-paste-analyzer/tests/PhpCompatibilityTest.php" line="27" assertions="1" time="0.099490"/>
        <testcase name="testPhpCompatibility81" class="Digilopment\Cpa\Tests\PhpCompatibilityTest" classname="Digilopment.Cpa.Tests.PhpCompatibilityTest" file="/var/lib/www/startitup-cloud/apps/Web/www/plugins/content-paste-analyzer/tests/PhpCompatibilityTest.php" line="33" assertions="1" time="0.100220"/>
        <testcase name="testPhpCompatibility82" class="Digilopment\Cpa\Tests\PhpCompatibilityTest" classname="Digilopment.Cpa.Tests.PhpCompatibilityTest" file="/var/lib/www/startitup-cloud/apps/Web/www/plugins/content-paste-analyzer/tests/PhpCompatibilityTest.php" line="39" assertions="1" time="0.098756"/>
        <testcase name="testPhpCompatibility83" class="Digilopment\Cpa\Tests\PhpCompatibilityTest" classname="Digilopment.Cpa.Tests.PhpCompatibilityTest" file="/var/lib/www/startitup-cloud/apps/Web/www/plugins/content-paste-analyzer/tests/PhpCompatibilityTest.php" line="45" assertions="1" time="0.097275"/>
        <testcase name="testPhpCompatibility84" class="Digilopment\Cpa\Tests\PhpCompatibilityTest" classname="Digilopment.Cpa.Tests.PhpCompatibilityTest" file="/var/lib/www/startitup-cloud/apps/Web/www/plugins/content-paste-analyzer/tests/PhpCompatibilityTest.php" line="51" assertions="1" time="0.098196"/>
      </testsuite>
    </testsuite>
  </testsuite>
</testsuites>
